<?xml version="1.0" encoding="UTF-8"?>
<testng-results skipped="0" failed="0" total="1" passed="1">
  <reporter-output>
  </reporter-output>
  <suite name="Default suite" duration-ms="46" started-at="2019-02-12T15:24:53Z" finished-at="2019-02-12T15:24:53Z">
    <groups>
    </groups>
    <test name="Default test" duration-ms="46" started-at="2019-02-12T15:24:53Z" finished-at="2019-02-12T15:24:53Z">
      <class name="com.test1.tests.MyaccountpageTest">
        <test-method status="PASS" signature="Test2()[pri:0, instance:com.test1.tests.MyaccountpageTest@27efef64]" name="Test2" duration-ms="31" started-at="2019-02-12T20:54:53Z" finished-at="2019-02-12T20:54:53Z">
          <reporter-output>
          </reporter-output>
        </test-method> <!-- Test2 -->
      </class> <!-- com.test1.tests.MyaccountpageTest -->
    </test> <!-- Default test -->
  </suite> <!-- Default suite -->
</testng-results>
